Using pre-set license
Built from '2021.1/staging' branch; Version is '2021.1.23f1 (b50729e604a9) revision 11863849'; Using compiler version '192528614'; Build Type 'Release'
OS: 'Windows 10 Pro; OS build 19041.1415; Version 2004; 64bit' Language: 'ru' Physical Memory: 10188 MB
BatchMode: 1, IsHumanControllingUs: 0, StartBugReporterOnCrash: 0, Is64bit: 1, IsPro: 0

COMMAND LINE ARGUMENTS:
C:\Program Files\Unity\Hub\Editor\2021.1.23f1\Editor\Unity.exe
-adb2
-batchMode
-noUpm
-name
AssetImportWorker0
-projectPath
C:/Reservation/CMD
-logFile
Logs/AssetImportWorker0.log
-srvPort
53192
Successfully changed project path to: C:/Reservation/CMD
C:/Reservation/CMD
Using Asset Import Pipeline V2.
Refreshing native plugins compatible for Editor in 171.58 ms, found 3 plugins.
Preloading 0 native plugins for Editor in 0.00 ms.
Initialize engine version: 2021.1.23f1 (b50729e604a9)
[Subsystems] Discovering subsystems at path C:/Program Files/Unity/Hub/Editor/2021.1.23f1/Editor/Data/Resources/UnitySubsystems
[Subsystems] Discovering subsystems at path C:/Reservation/CMD/Assets
GfxDevice: creating device client; threaded=0; jobified=0
Direct3D:
    Version:  Direct3D 11.0 [level 11.1]
    Renderer: AMD Radeon(TM) RX Vega 11 Graphics (ID=0x15dd)
    Vendor:   ATI
    VRAM:     5094 MB
    Driver:   30.0.13023.1012
Initialize mono
Mono path[0] = 'C:/Program Files/Unity/Hub/Editor/2021.1.23f1/Editor/Data/Managed'
Mono path[1] = 'C:/Program Files/Unity/Hub/Editor/2021.1.23f1/Editor/Data/MonoBleedingEdge/lib/mono/unityjit'
Mono config path = 'C:/Program Files/Unity/Hub/Editor/2021.1.23f1/Editor/Data/MonoBleedingEdge/etc'
Using monoOptions --debugger-agent=transport=dt_socket,embedding=1,server=y,suspend=n,address=127.0.0.1:56700
Begin MonoManager ReloadAssembly
Registering precompiled unity dll's ...
Register platform support module: C:/Program Files/Unity/Hub/Editor/2021.1.23f1/Editor/Data/PlaybackEngines/WindowsStandaloneSupport/UnityEditor.WindowsStandalone.Extensions.dll
Registered in 0.002381 seconds.
Native extension for WindowsStandalone target not found
Refreshing native plugins compatible for Editor in 148.17 ms, found 3 plugins.
Preloading 0 native plugins for Editor in 0.00 ms.
Mono: successfully reloaded assembly
- Completed reload, in  3.114 seconds
Domain Reload Profiling:
	ReloadAssembly (3114ms)
		BeginReloadAssembly (121ms)
			ExecutionOrderSort (0ms)
			DisableScriptedObjects (0ms)
			BackupInstance (0ms)
			ReleaseScriptingObjects (0ms)
			CreateAndSetChildDomain (1ms)
		EndReloadAssembly (703ms)
			LoadAssemblies (116ms)
			RebuildTransferFunctionScriptingTraits (0ms)
			SetupTypeCache (246ms)
			ReleaseScriptCaches (0ms)
			RebuildScriptCaches (45ms)
			SetupLoadedEditorAssemblies (347ms)
				LogAssemblyErrors (0ms)
				InitializePlatformSupportModulesInManaged (8ms)
				SetLoadedEditorAssemblies (0ms)
				RefreshPlugins (148ms)
				BeforeProcessingInitializeOnLoad (2ms)
				ProcessInitializeOnLoadAttributes (148ms)
				ProcessInitializeOnLoadMethodAttributes (41ms)
				AfterProcessingInitializeOnLoad (0ms)
				EditorAssembliesLoaded (0ms)
			ExecutionOrderSort2 (0ms)
			AwakeInstancesAfterBackupRestoration (0ms)
Platform modules already initialized, skipping
Registering precompiled user dll's ...
Registered in 0.008370 seconds.
Begin MonoManager ReloadAssembly
Symbol file LoadedFromMemory doesn't match image C:\Reservation\CMD\Library\PackageCache\com.unity.visualscripting@1.6.1\Editor\VisualScripting.Core\Dependencies\YamlDotNet\Unity.VisualScripting.YamlDotNet.dll
Symbol file LoadedFromMemory doesn't match image C:\Reservation\CMD\Library\PackageCache\com.unity.visualscripting@1.6.1\Editor\VisualScripting.Core\Dependencies\DotNetZip\Unity.VisualScripting.IonicZip.dll
Native extension for WindowsStandalone target not found
Refreshing native plugins compatible for Editor in 1.09 ms, found 3 plugins.
Preloading 0 native plugins for Editor in 0.00 ms.
Mono: successfully reloaded assembly
- Completed reload, in  2.198 seconds
Domain Reload Profiling:
	ReloadAssembly (2199ms)
		BeginReloadAssembly (209ms)
			ExecutionOrderSort (0ms)
			DisableScriptedObjects (7ms)
			BackupInstance (0ms)
			ReleaseScriptingObjects (0ms)
			CreateAndSetChildDomain (27ms)
		EndReloadAssembly (1901ms)
			LoadAssemblies (126ms)
			RebuildTransferFunctionScriptingTraits (0ms)
			SetupTypeCache (473ms)
			ReleaseScriptCaches (1ms)
			RebuildScriptCaches (83ms)
			SetupLoadedEditorAssemblies (1085ms)
				LogAssemblyErrors (0ms)
				InitializePlatformSupportModulesInManaged (6ms)
				SetLoadedEditorAssemblies (1ms)
				RefreshPlugins (1ms)
				BeforeProcessingInitializeOnLoad (82ms)
				ProcessInitializeOnLoadAttributes (976ms)
				ProcessInitializeOnLoadMethodAttributes (8ms)
				AfterProcessingInitializeOnLoad (11ms)
				EditorAssembliesLoaded (0ms)
			ExecutionOrderSort2 (0ms)
			AwakeInstancesAfterBackupRestoration (12ms)
Platform modules already initialized, skipping
========================================================================
Worker process is ready to serve import requests
Launched and connected shader compiler UnityShaderCompiler.exe after 0.11 seconds
Refreshing native plugins compatible for Editor in 1.03 ms, found 3 plugins.
Preloading 0 native plugins for Editor in 0.00 ms.
Unloading 3283 Unused Serialized files (Serialized files now loaded: 0)
System memory in use before: 128.4 MB.
System memory in use after: 128.6 MB.

Unloading 22 unused Assets to reduce memory usage. Loaded Objects now: 3733.
Total: 6.535400 ms (FindLiveObjects: 0.316700 ms CreateObjectMapping: 0.132100 ms MarkObjects: 5.989800 ms  DeleteObjects: 0.094900 ms)

AssetImportParameters requested are different than current active one (requested -> active):
  custom:framework-win-MediaFoundation: 216162199b28c13a410421893ffa2e32 -> 
  custom:video-decoder-ogg-theora: a1e56fd34408186e4bbccfd4996cb3dc -> 
  custom:container-muxer-webm: aa71ff27fc2769a1b78a27578f13a17b -> 
  custom:container-demuxer-webm: 4f35f7cbe854078d1ac9338744f61a02 -> 
  custom:container-demuxer-ogg: 62fdf1f143b41e24485cea50d1cbac27 -> 
  custom:video-encoder-webm-vp8: eb34c28f22e8b96e1ab97ce403110664 -> 
  custom:video-decoder-webm-vp8: 9c59270c3fd7afecdb556c50c9e8de78 -> 
  custom:audio-decoder-ogg-vorbis: bf7c407c2cedff20999df2af8eb42d56 -> 
  custom:audio-encoder-webm-vorbis: bf7c407c2cedff20999df2af8eb42d56 -> 
========================================================================
Received Import Request.
  path: Assets/Capture.JPG
  artifactKey: Guid(5055a89ecde2a6f489e818820f7fcf9a) Importer(815301076,1909f56bfc062723c751e8b465ee728b)
Start importing Assets/Capture.JPG using Guid(5055a89ecde2a6f489e818820f7fcf9a) Importer(815301076,1909f56bfc062723c751e8b465ee728b)  -> (artifact id: '295ddaa41e72b9308aa0aabada5c3612') in 0.153203 seconds 
========================================================================
Received Import Request.
  Time since last request: 0.000410 seconds.
  path: Assets/Defeated.fbx
  artifactKey: Guid(7664856d1efe1a74bb31b8ff1773843e) Importer(815301076,1909f56bfc062723c751e8b465ee728b)
Start importing Assets/Defeated.fbx using Guid(7664856d1efe1a74bb31b8ff1773843e) Importer(815301076,1909f56bfc062723c751e8b465ee728b)  -> (artifact id: '2e79e246ff16b92484e671d0b0c567e9') in 0.107800 seconds 
========================================================================
Received Import Request.
  Time since last request: 0.000233 seconds.
  path: Assets/WFXMR_BImpact SoftBody.prefab
  artifactKey: Guid(f75efcef4bb42054abf94f8e5c701adc) Importer(815301076,1909f56bfc062723c751e8b465ee728b)
Start importing Assets/WFXMR_BImpact SoftBody.prefab using Guid(f75efcef4bb42054abf94f8e5c701adc) Importer(815301076,1909f56bfc062723c751e8b465ee728b)  -> (artifact id: 'a97ff946dbcf12ae567c11a0a43e9abc') in 0.082368 seconds 
========================================================================
Received Import Request.
  Time since last request: 8.756577 seconds.
  path: Assets/Scenes
  artifactKey: Guid(34843d6263b512041a91903d1f3dcc7a) Importer(815301076,1909f56bfc062723c751e8b465ee728b)
Start importing Assets/Scenes using Guid(34843d6263b512041a91903d1f3dcc7a) Importer(815301076,1909f56bfc062723c751e8b465ee728b)  -> (artifact id: 'feff7eecc95a9a7656008eb16312ef93') in 0.007862 seconds 
========================================================================
Received Import Request.
  Time since last request: 1.101752 seconds.
  path: Assets/Scenes/City.unity
  artifactKey: Guid(5fe16ae9e1f5d2c42a2286b7369be6a6) Importer(815301076,1909f56bfc062723c751e8b465ee728b)
Start importing Assets/Scenes/City.unity using Guid(5fe16ae9e1f5d2c42a2286b7369be6a6) Importer(815301076,1909f56bfc062723c751e8b465ee728b)  -> (artifact id: '2918e1224bd03f2b6cc338a1adf4abae') in 0.007938 seconds 
========================================================================
Received Prepare
Registering precompiled user dll's ...
Registered in 0.008832 seconds.
Begin MonoManager ReloadAssembly
Symbol file LoadedFromMemory doesn't match image C:\Reservation\CMD\Library\PackageCache\com.unity.visualscripting@1.6.1\Editor\VisualScripting.Core\Dependencies\YamlDotNet\Unity.VisualScripting.YamlDotNet.dll
Symbol file LoadedFromMemory doesn't match image C:\Reservation\CMD\Library\PackageCache\com.unity.visualscripting@1.6.1\Editor\VisualScripting.Core\Dependencies\DotNetZip\Unity.VisualScripting.IonicZip.dll
Native extension for WindowsStandalone target not found
Refreshing native plugins compatible for Editor in 1.26 ms, found 3 plugins.
Preloading 0 native plugins for Editor in 0.00 ms.
Mono: successfully reloaded assembly
- Completed reload, in  2.022 seconds
Domain Reload Profiling:
	ReloadAssembly (2022ms)
		BeginReloadAssembly (169ms)
			ExecutionOrderSort (0ms)
			DisableScriptedObjects (8ms)
			BackupInstance (0ms)
			ReleaseScriptingObjects (0ms)
			CreateAndSetChildDomain (53ms)
		EndReloadAssembly (1767ms)
			LoadAssemblies (129ms)
			RebuildTransferFunctionScriptingTraits (0ms)
			SetupTypeCache (496ms)
			ReleaseScriptCaches (1ms)
			RebuildScriptCaches (60ms)
			SetupLoadedEditorAssemblies (948ms)
				LogAssemblyErrors (0ms)
				InitializePlatformSupportModulesInManaged (8ms)
				SetLoadedEditorAssemblies (1ms)
				RefreshPlugins (1ms)
				BeforeProcessingInitializeOnLoad (82ms)
				ProcessInitializeOnLoadAttributes (838ms)
				ProcessInitializeOnLoadMethodAttributes (7ms)
				AfterProcessingInitializeOnLoad (11ms)
				EditorAssembliesLoaded (1ms)
			ExecutionOrderSort2 (0ms)
			AwakeInstancesAfterBackupRestoration (18ms)
Platform modules already initialized, skipping
Refreshing native plugins compatible for Editor in 0.96 ms, found 3 plugins.
Preloading 0 native plugins for Editor in 0.00 ms.
Unloading 3405 Unused Serialized files (Serialized files now loaded: 0)
System memory in use before: 135.8 MB.
System memory in use after: 136.0 MB.

Unloading 19 unused Assets to reduce memory usage. Loaded Objects now: 3913.
Total: 4.433000 ms (FindLiveObjects: 0.312000 ms CreateObjectMapping: 0.112900 ms MarkObjects: 3.921500 ms  DeleteObjects: 0.084900 ms)

AssetImportParameters requested are different than current active one (requested -> active):
  custom:framework-win-MediaFoundation: 216162199b28c13a410421893ffa2e32 -> 
  custom:video-decoder-ogg-theora: a1e56fd34408186e4bbccfd4996cb3dc -> 
  custom:container-muxer-webm: aa71ff27fc2769a1b78a27578f13a17b -> 
  custom:container-demuxer-webm: 4f35f7cbe854078d1ac9338744f61a02 -> 
  custom:container-demuxer-ogg: 62fdf1f143b41e24485cea50d1cbac27 -> 
  custom:video-encoder-webm-vp8: eb34c28f22e8b96e1ab97ce403110664 -> 
  custom:video-decoder-webm-vp8: 9c59270c3fd7afecdb556c50c9e8de78 -> 
  custom:audio-decoder-ogg-vorbis: bf7c407c2cedff20999df2af8eb42d56 -> 
  custom:audio-encoder-webm-vorbis: bf7c407c2cedff20999df2af8eb42d56 -> 
========================================================================
Received Prepare
Registering precompiled user dll's ...
Registered in 0.017139 seconds.
Begin MonoManager ReloadAssembly
Symbol file LoadedFromMemory doesn't match image C:\Reservation\CMD\Library\PackageCache\com.unity.visualscripting@1.6.1\Editor\VisualScripting.Core\Dependencies\YamlDotNet\Unity.VisualScripting.YamlDotNet.dll
Symbol file LoadedFromMemory doesn't match image C:\Reservation\CMD\Library\PackageCache\com.unity.visualscripting@1.6.1\Editor\VisualScripting.Core\Dependencies\DotNetZip\Unity.VisualScripting.IonicZip.dll
Native extension for WindowsStandalone target not found
Refreshing native plugins compatible for Editor in 0.94 ms, found 3 plugins.
Preloading 0 native plugins for Editor in 0.00 ms.
Mono: successfully reloaded assembly
- Completed reload, in  1.919 seconds
Domain Reload Profiling:
	ReloadAssembly (1920ms)
		BeginReloadAssembly (206ms)
			ExecutionOrderSort (0ms)
			DisableScriptedObjects (9ms)
			BackupInstance (0ms)
			ReleaseScriptingObjects (0ms)
			CreateAndSetChildDomain (52ms)
		EndReloadAssembly (1631ms)
			LoadAssemblies (196ms)
			RebuildTransferFunctionScriptingTraits (0ms)
			SetupTypeCache (447ms)
			ReleaseScriptCaches (1ms)
			RebuildScriptCaches (63ms)
			SetupLoadedEditorAssemblies (835ms)
				LogAssemblyErrors (0ms)
				InitializePlatformSupportModulesInManaged (7ms)
				SetLoadedEditorAssemblies (1ms)
				RefreshPlugins (1ms)
				BeforeProcessingInitializeOnLoad (68ms)
				ProcessInitializeOnLoadAttributes (743ms)
				ProcessInitializeOnLoadMethodAttributes (7ms)
				AfterProcessingInitializeOnLoad (9ms)
				EditorAssembliesLoaded (0ms)
			ExecutionOrderSort2 (0ms)
			AwakeInstancesAfterBackupRestoration (15ms)
Platform modules already initialized, skipping
Refreshing native plugins compatible for Editor in 0.98 ms, found 3 plugins.
Preloading 0 native plugins for Editor in 0.00 ms.
Unloading 3403 Unused Serialized files (Serialized files now loaded: 0)
System memory in use before: 135.8 MB.
System memory in use after: 136.0 MB.

Unloading 19 unused Assets to reduce memory usage. Loaded Objects now: 3915.
Total: 4.886000 ms (FindLiveObjects: 0.323500 ms CreateObjectMapping: 0.124200 ms MarkObjects: 4.362400 ms  DeleteObjects: 0.074300 ms)

AssetImportParameters requested are different than current active one (requested -> active):
  custom:framework-win-MediaFoundation: 216162199b28c13a410421893ffa2e32 -> 
  custom:video-decoder-ogg-theora: a1e56fd34408186e4bbccfd4996cb3dc -> 
  custom:container-muxer-webm: aa71ff27fc2769a1b78a27578f13a17b -> 
  custom:container-demuxer-webm: 4f35f7cbe854078d1ac9338744f61a02 -> 
  custom:container-demuxer-ogg: 62fdf1f143b41e24485cea50d1cbac27 -> 
  custom:video-encoder-webm-vp8: eb34c28f22e8b96e1ab97ce403110664 -> 
  custom:video-decoder-webm-vp8: 9c59270c3fd7afecdb556c50c9e8de78 -> 
  custom:audio-decoder-ogg-vorbis: bf7c407c2cedff20999df2af8eb42d56 -> 
  custom:audio-encoder-webm-vorbis: bf7c407c2cedff20999df2af8eb42d56 -> 
========================================================================
Received Prepare
Registering precompiled user dll's ...
Registered in 0.011789 seconds.
Begin MonoManager ReloadAssembly
Symbol file LoadedFromMemory doesn't match image C:\Reservation\CMD\Library\PackageCache\com.unity.visualscripting@1.6.1\Editor\VisualScripting.Core\Dependencies\YamlDotNet\Unity.VisualScripting.YamlDotNet.dll
Symbol file LoadedFromMemory doesn't match image C:\Reservation\CMD\Library\PackageCache\com.unity.visualscripting@1.6.1\Editor\VisualScripting.Core\Dependencies\DotNetZip\Unity.VisualScripting.IonicZip.dll
Native extension for WindowsStandalone target not found
Refreshing native plugins compatible for Editor in 1.21 ms, found 3 plugins.
Preloading 0 native plugins for Editor in 0.00 ms.
Mono: successfully reloaded assembly
- Completed reload, in  3.038 seconds
Domain Reload Profiling:
	ReloadAssembly (3041ms)
		BeginReloadAssembly (265ms)
			ExecutionOrderSort (0ms)
			DisableScriptedObjects (23ms)
			BackupInstance (0ms)
			ReleaseScriptingObjects (0ms)
			CreateAndSetChildDomain (84ms)
		EndReloadAssembly (2649ms)
			LoadAssemblies (184ms)
			RebuildTransferFunctionScriptingTraits (0ms)
			SetupTypeCache (679ms)
			ReleaseScriptCaches (2ms)
			RebuildScriptCaches (129ms)
			SetupLoadedEditorAssemblies (1419ms)
				LogAssemblyErrors (0ms)
				InitializePlatformSupportModulesInManaged (13ms)
				SetLoadedEditorAssemblies (1ms)
				RefreshPlugins (1ms)
				BeforeProcessingInitializeOnLoad (107ms)
				ProcessInitializeOnLoadAttributes (1266ms)
				ProcessInitializeOnLoadMethodAttributes (14ms)
				AfterProcessingInitializeOnLoad (17ms)
				EditorAssembliesLoaded (1ms)
			ExecutionOrderSort2 (0ms)
			AwakeInstancesAfterBackupRestoration (49ms)
Platform modules already initialized, skipping
Refreshing native plugins compatible for Editor in 1.16 ms, found 3 plugins.
Preloading 0 native plugins for Editor in 0.00 ms.
Unloading 3403 Unused Serialized files (Serialized files now loaded: 0)
System memory in use before: 135.8 MB.
System memory in use after: 136.0 MB.

Unloading 19 unused Assets to reduce memory usage. Loaded Objects now: 3917.
Total: 5.750500 ms (FindLiveObjects: 0.622300 ms CreateObjectMapping: 0.499800 ms MarkObjects: 4.549800 ms  DeleteObjects: 0.076400 ms)

AssetImportParameters requested are different than current active one (requested -> active):
  custom:framework-win-MediaFoundation: 216162199b28c13a410421893ffa2e32 -> 
  custom:video-decoder-ogg-theora: a1e56fd34408186e4bbccfd4996cb3dc -> 
  custom:container-muxer-webm: aa71ff27fc2769a1b78a27578f13a17b -> 
  custom:container-demuxer-webm: 4f35f7cbe854078d1ac9338744f61a02 -> 
  custom:container-demuxer-ogg: 62fdf1f143b41e24485cea50d1cbac27 -> 
  custom:video-encoder-webm-vp8: eb34c28f22e8b96e1ab97ce403110664 -> 
  custom:video-decoder-webm-vp8: 9c59270c3fd7afecdb556c50c9e8de78 -> 
  custom:audio-decoder-ogg-vorbis: bf7c407c2cedff20999df2af8eb42d56 -> 
  custom:audio-encoder-webm-vorbis: bf7c407c2cedff20999df2af8eb42d56 -> 
========================================================================
Received Import Request.
  Time since last request: 19138.073888 seconds.
  path: Assets/Effects/CFX_Anim_Triangle2_Add.mat
  artifactKey: Guid(92089ba5e33f01d418da1bd5ba5c31a6) Importer(815301076,1909f56bfc062723c751e8b465ee728b)
Start importing Assets/Effects/CFX_Anim_Triangle2_Add.mat using Guid(92089ba5e33f01d418da1bd5ba5c31a6) Importer(815301076,1909f56bfc062723c751e8b465ee728b)  -> (artifact id: '88e517280b41436c894e41dbbc015250') in 0.296748 seconds 
========================================================================
Received Import Request.
  Time since last request: 0.000727 seconds.
  path: Assets/Effects/CFX_T_Anim8_Triangle2.png
  artifactKey: Guid(398da4b026da3fd4dbe04dfc2ba43f09) Importer(815301076,1909f56bfc062723c751e8b465ee728b)
Start importing Assets/Effects/CFX_T_Anim8_Triangle2.png using Guid(398da4b026da3fd4dbe04dfc2ba43f09) Importer(815301076,1909f56bfc062723c751e8b465ee728b)  -> (artifact id: '97e883e6784082bbc9f4803974a41d4e') in 0.038830 seconds 
========================================================================
Received Import Request.
  Time since last request: 0.000339 seconds.
  path: Assets/Effects/CFX_Hit_A Red+RandomText.prefab
  artifactKey: Guid(f95ff734540a0d749be6571b6cb5b37f) Importer(815301076,1909f56bfc062723c751e8b465ee728b)
Start importing Assets/Effects/CFX_Hit_A Red+RandomText.prefab using Guid(f95ff734540a0d749be6571b6cb5b37f) Importer(815301076,1909f56bfc062723c751e8b465ee728b)  -> (artifact id: 'da67b953c9c4226065662a6b2e3a1d9c') in 0.051609 seconds 
========================================================================
Received Import Request.
  Time since last request: 15.723055 seconds.
  path: Assets/Effects/CFX_Hit_A Red+RandomText.prefab
  artifactKey: Guid(f95ff734540a0d749be6571b6cb5b37f) Importer(815301076,1909f56bfc062723c751e8b465ee728b)
Start importing Assets/Effects/CFX_Hit_A Red+RandomText.prefab using Guid(f95ff734540a0d749be6571b6cb5b37f) Importer(815301076,1909f56bfc062723c751e8b465ee728b)  -> (artifact id: '90f72a3da670ef1eef6d000ecb2022c6') in 0.016974 seconds 
========================================================================
Received Import Request.
  Time since last request: 262.514143 seconds.
  path: Assets/Effects/CFX_Anim_Poof_AddSoft.mat
  artifactKey: Guid(74a6f6cd13c058a43858627e5383715e) Importer(815301076,1909f56bfc062723c751e8b465ee728b)
Start importing Assets/Effects/CFX_Anim_Poof_AddSoft.mat using Guid(74a6f6cd13c058a43858627e5383715e) Importer(815301076,1909f56bfc062723c751e8b465ee728b)  -> (artifact id: 'cfe00119a33b9596ed1e49519db9ffe5') in 0.065704 seconds 
========================================================================
Received Import Request.
  Time since last request: 0.000372 seconds.
  path: Assets/Effects/CFX_Text_Boom.mat
  artifactKey: Guid(d1c965e3a9110b94db515cf6edd67b92) Importer(815301076,1909f56bfc062723c751e8b465ee728b)
Start importing Assets/Effects/CFX_Text_Boom.mat using Guid(d1c965e3a9110b94db515cf6edd67b92) Importer(815301076,1909f56bfc062723c751e8b465ee728b)  -> (artifact id: '78656450ae4340208cc6805d8680fb66') in 0.036475 seconds 
========================================================================
Received Import Request.
  Time since last request: 0.000427 seconds.
  path: Assets/Effects/CFX_Text_Hit_Random.mat
  artifactKey: Guid(fb611baba0c0bec45b460e1cc30fddf3) Importer(815301076,1909f56bfc062723c751e8b465ee728b)
Start importing Assets/Effects/CFX_Text_Hit_Random.mat using Guid(fb611baba0c0bec45b460e1cc30fddf3) Importer(815301076,1909f56bfc062723c751e8b465ee728b)  -> (artifact id: '159a0f78aea78636cfad4a01f8106646') in 0.018302 seconds 
========================================================================
Received Import Request.
  Time since last request: 87.098595 seconds.
  path: Assets/Effects/Textures/CFX_T_Text_Boom.tga
  artifactKey: Guid(19af7054766e9ea4789ead0cefad4a77) Importer(815301076,1909f56bfc062723c751e8b465ee728b)
Start importing Assets/Effects/Textures/CFX_T_Text_Boom.tga using Guid(19af7054766e9ea4789ead0cefad4a77) Importer(815301076,1909f56bfc062723c751e8b465ee728b)  -> (artifact id: 'd724274b45deaa7cd28236be79652435') in 0.055474 seconds 
========================================================================
Received Prepare
Registering precompiled user dll's ...
Registered in 0.011513 seconds.
Begin MonoManager ReloadAssembly
Symbol file LoadedFromMemory doesn't match image C:\Reservation\CMD\Library\PackageCache\com.unity.visualscripting@1.6.1\Editor\VisualScripting.Core\Dependencies\YamlDotNet\Unity.VisualScripting.YamlDotNet.dll
Symbol file LoadedFromMemory doesn't match image C:\Reservation\CMD\Library\PackageCache\com.unity.visualscripting@1.6.1\Editor\VisualScripting.Core\Dependencies\DotNetZip\Unity.VisualScripting.IonicZip.dll
Native extension for WindowsStandalone target not found
Refreshing native plugins compatible for Editor in 1.12 ms, found 3 plugins.
Preloading 0 native plugins for Editor in 0.00 ms.
Mono: successfully reloaded assembly
- Completed reload, in  2.527 seconds
Domain Reload Profiling:
	ReloadAssembly (2527ms)
		BeginReloadAssembly (281ms)
			ExecutionOrderSort (0ms)
			DisableScriptedObjects (10ms)
			BackupInstance (0ms)
			ReleaseScriptingObjects (0ms)
			CreateAndSetChildDomain (114ms)
		EndReloadAssembly (2134ms)
			LoadAssemblies (186ms)
			RebuildTransferFunctionScriptingTraits (0ms)
			SetupTypeCache (580ms)
			ReleaseScriptCaches (1ms)
			RebuildScriptCaches (90ms)
			SetupLoadedEditorAssemblies (1120ms)
				LogAssemblyErrors (0ms)
				InitializePlatformSupportModulesInManaged (8ms)
				SetLoadedEditorAssemblies (1ms)
				RefreshPlugins (1ms)
				BeforeProcessingInitializeOnLoad (89ms)
				ProcessInitializeOnLoadAttributes (1004ms)
				ProcessInitializeOnLoadMethodAttributes (7ms)
				AfterProcessingInitializeOnLoad (10ms)
				EditorAssembliesLoaded (1ms)
			ExecutionOrderSort2 (0ms)
			AwakeInstancesAfterBackupRestoration (20ms)
Platform modules already initialized, skipping
Refreshing native plugins compatible for Editor in 0.98 ms, found 3 plugins.
Preloading 0 native plugins for Editor in 0.00 ms.
Unloading 3405 Unused Serialized files (Serialized files now loaded: 0)
System memory in use before: 137.6 MB.
System memory in use after: 137.8 MB.

Unloading 19 unused Assets to reduce memory usage. Loaded Objects now: 3987.
Total: 7.220800 ms (FindLiveObjects: 0.354100 ms CreateObjectMapping: 0.171000 ms MarkObjects: 6.626700 ms  DeleteObjects: 0.067900 ms)

AssetImportParameters requested are different than current active one (requested -> active):
  custom:framework-win-MediaFoundation: 216162199b28c13a410421893ffa2e32 -> 
  custom:video-decoder-ogg-theora: a1e56fd34408186e4bbccfd4996cb3dc -> 
  custom:container-muxer-webm: aa71ff27fc2769a1b78a27578f13a17b -> 
  custom:container-demuxer-webm: 4f35f7cbe854078d1ac9338744f61a02 -> 
  custom:container-demuxer-ogg: 62fdf1f143b41e24485cea50d1cbac27 -> 
  custom:video-encoder-webm-vp8: eb34c28f22e8b96e1ab97ce403110664 -> 
  custom:video-decoder-webm-vp8: 9c59270c3fd7afecdb556c50c9e8de78 -> 
  custom:audio-decoder-ogg-vorbis: bf7c407c2cedff20999df2af8eb42d56 -> 
  custom:audio-encoder-webm-vorbis: bf7c407c2cedff20999df2af8eb42d56 -> 
========================================================================
Received Import Request.
  Time since last request: 221.241477 seconds.
  path: Assets/Effects
  artifactKey: Guid(a7065dd69b468e64796a3f8a30a07c53) Importer(815301076,1909f56bfc062723c751e8b465ee728b)
Start importing Assets/Effects using Guid(a7065dd69b468e64796a3f8a30a07c53) Importer(815301076,1909f56bfc062723c751e8b465ee728b)  -> (artifact id: '72ef595f406dd9c52c3e8ea6a0d721ad') in 0.017650 seconds 
========================================================================
Received Import Request.
  Time since last request: 70.287789 seconds.
  path: Assets/Effects/Bullet Impacts
  artifactKey: Guid(c50b5a74fb32a644eba92cd40be0e3a4) Importer(815301076,1909f56bfc062723c751e8b465ee728b)
Start importing Assets/Effects/Bullet Impacts using Guid(c50b5a74fb32a644eba92cd40be0e3a4) Importer(815301076,1909f56bfc062723c751e8b465ee728b)  -> (artifact id: '312677a8ba705dcd37dde6368b8fc4f1') in 0.009608 seconds 
========================================================================
Received Import Request.
  Time since last request: 0.057699 seconds.
  path: Assets/Effects/Bullet Impacts/WFXMR_BImpact Concrete NoCollision.prefab
  artifactKey: Guid(f04e15e9b0b32f24b9e87868e8bfbeea) Importer(815301076,1909f56bfc062723c751e8b465ee728b)
Start importing Assets/Effects/Bullet Impacts/WFXMR_BImpact Concrete NoCollision.prefab using Guid(f04e15e9b0b32f24b9e87868e8bfbeea) Importer(815301076,1909f56bfc062723c751e8b465ee728b)  -> (artifact id: '989899f9a8b5227009182e18f340c0bc') in 0.094620 seconds 
========================================================================
Received Import Request.
  Time since last request: 0.000249 seconds.
  path: Assets/Effects/Bullet Impacts/WFXMR_BImpact Concrete.prefab
  artifactKey: Guid(556d09d7fda29fd4185eed4067d5777b) Importer(815301076,1909f56bfc062723c751e8b465ee728b)
Start importing Assets/Effects/Bullet Impacts/WFXMR_BImpact Concrete.prefab using Guid(556d09d7fda29fd4185eed4067d5777b) Importer(815301076,1909f56bfc062723c751e8b465ee728b)  -> (artifact id: '9e7ae61955373829b8a2f41d24a8e149') in 0.025013 seconds 
========================================================================
Received Import Request.
  Time since last request: 0.000269 seconds.
  path: Assets/Effects/Bullet Impacts/WFXMR_BImpact Sand.prefab
  artifactKey: Guid(3b1fe0d0dc796bf46b1460e5a70bd078) Importer(815301076,1909f56bfc062723c751e8b465ee728b)
Start importing Assets/Effects/Bullet Impacts/WFXMR_BImpact Sand.prefab using Guid(3b1fe0d0dc796bf46b1460e5a70bd078) Importer(815301076,1909f56bfc062723c751e8b465ee728b)  -> (artifact id: '7ec88246acf2e7eddf185b49bc14afe9') in 0.027769 seconds 
========================================================================
Received Import Request.
  Time since last request: 0.000256 seconds.
  path: Assets/Effects/Bullet Impacts/WFXMR_BImpact Wood NoCollision.prefab
  artifactKey: Guid(2bad6b8b976e8a44cacd2a270b2d3ef2) Importer(815301076,1909f56bfc062723c751e8b465ee728b)
Start importing Assets/Effects/Bullet Impacts/WFXMR_BImpact Wood NoCollision.prefab using Guid(2bad6b8b976e8a44cacd2a270b2d3ef2) Importer(815301076,1909f56bfc062723c751e8b465ee728b)  -> (artifact id: '99861e6bea7b215e4f781fd9a457a51a') in 0.030229 seconds 
========================================================================
Received Import Request.
  Time since last request: 0.000380 seconds.
  path: Assets/Effects/Bullet Impacts/WFXMR_BImpact Metal.prefab
  artifactKey: Guid(e74af37e539075d428c1f7bd8cdb781d) Importer(815301076,1909f56bfc062723c751e8b465ee728b)
Start importing Assets/Effects/Bullet Impacts/WFXMR_BImpact Metal.prefab using Guid(e74af37e539075d428c1f7bd8cdb781d) Importer(815301076,1909f56bfc062723c751e8b465ee728b)  -> (artifact id: '339d6240a1546585a1c06cc648654586') in 0.019178 seconds 
========================================================================
Received Import Request.
  Time since last request: 0.000696 seconds.
  path: Assets/Effects/Bullet Impacts/WFXMR_BImpact Dirt.prefab
  artifactKey: Guid(bc8d2212c2ce5ef459edd17d2d63da64) Importer(815301076,1909f56bfc062723c751e8b465ee728b)
Start importing Assets/Effects/Bullet Impacts/WFXMR_BImpact Dirt.prefab using Guid(bc8d2212c2ce5ef459edd17d2d63da64) Importer(815301076,1909f56bfc062723c751e8b465ee728b)  -> (artifact id: '4be61aa380eb952d2c8cb048a0a5bf18') in 0.028432 seconds 
========================================================================
Received Import Request.
  Time since last request: 0.000249 seconds.
  path: Assets/Effects/Bullet Impacts/WFXMR_BImpact SoftBody.prefab
  artifactKey: Guid(4a5e7e4faeaea224c8a8ea6a241554ae) Importer(815301076,1909f56bfc062723c751e8b465ee728b)
Start importing Assets/Effects/Bullet Impacts/WFXMR_BImpact SoftBody.prefab using Guid(4a5e7e4faeaea224c8a8ea6a241554ae) Importer(815301076,1909f56bfc062723c751e8b465ee728b)  -> (artifact id: '11de6ae2bf9bb7845e0a0365a7312d8a') in 0.026717 seconds 
========================================================================
Received Import Request.
  Time since last request: 0.000250 seconds.
  path: Assets/Effects/Bullet Impacts/WFXMR_BImpact Wood.prefab
  artifactKey: Guid(855f647f81ad9774a905ff23fdc26618) Importer(815301076,1909f56bfc062723c751e8b465ee728b)
Start importing Assets/Effects/Bullet Impacts/WFXMR_BImpact Wood.prefab using Guid(855f647f81ad9774a905ff23fdc26618) Importer(815301076,1909f56bfc062723c751e8b465ee728b)  -> (artifact id: '90f6ee47895d746fd7d3c5b4e2ac0f44') in 0.039654 seconds 
========================================================================
Received Import Request.
  Time since last request: 0.320141 seconds.
  path: Assets/Effects/Bullet Impacts/+ Bullet Hole
  artifactKey: Guid(5b3b207ce71ee594e966462e44845bab) Importer(815301076,1909f56bfc062723c751e8b465ee728b)
Start importing Assets/Effects/Bullet Impacts/+ Bullet Hole using Guid(5b3b207ce71ee594e966462e44845bab) Importer(815301076,1909f56bfc062723c751e8b465ee728b)  -> (artifact id: '2994dffce31a7af93b706fb73ff71031') in 0.013432 seconds 
========================================================================
Received Import Request.
  Time since last request: 0.016860 seconds.
  path: Assets/Effects/Bullet Impacts/+ Bullet Hole/WFXMR_BImpact Dirt + Hole.prefab
  artifactKey: Guid(6dc033bcc9d82ea4fa59028b76c5b7c3) Importer(815301076,1909f56bfc062723c751e8b465ee728b)
Start importing Assets/Effects/Bullet Impacts/+ Bullet Hole/WFXMR_BImpact Dirt + Hole.prefab using Guid(6dc033bcc9d82ea4fa59028b76c5b7c3) Importer(815301076,1909f56bfc062723c751e8b465ee728b)  -> (artifact id: '2b6bfed11b31e8e15ca6090903451ed3') in 0.023274 seconds 
========================================================================
Received Import Request.
  Time since last request: 0.000264 seconds.
  path: Assets/Effects/Bullet Impacts/+ Bullet Hole/WFXMR_BImpact SoftBody + Hole.prefab
  artifactKey: Guid(ba261927bb2ae4244b20b0eb77a96415) Importer(815301076,1909f56bfc062723c751e8b465ee728b)
Start importing Assets/Effects/Bullet Impacts/+ Bullet Hole/WFXMR_BImpact SoftBody + Hole.prefab using Guid(ba261927bb2ae4244b20b0eb77a96415) Importer(815301076,1909f56bfc062723c751e8b465ee728b)  -> (artifact id: 'a95cd8e0ed1cbfa0ddadce1c897c3404') in 0.017688 seconds 
========================================================================
Received Import Request.
  Time since last request: 0.000273 seconds.
  path: Assets/Effects/Bullet Impacts/+ Bullet Hole/WFXMR_BImpact Sand + Hole.prefab
  artifactKey: Guid(b20f28f7bdb1e4d4e8b7154fc451f443) Importer(815301076,1909f56bfc062723c751e8b465ee728b)
Start importing Assets/Effects/Bullet Impacts/+ Bullet Hole/WFXMR_BImpact Sand + Hole.prefab using Guid(b20f28f7bdb1e4d4e8b7154fc451f443) Importer(815301076,1909f56bfc062723c751e8b465ee728b)  -> (artifact id: '36fd631ab2af9dd7bb8f814e10112643') in 0.026465 seconds 
========================================================================
Received Prepare
Registering precompiled user dll's ...
Registered in 0.012408 seconds.
Begin MonoManager ReloadAssembly
Symbol file LoadedFromMemory doesn't match image C:\Reservation\CMD\Library\PackageCache\com.unity.visualscripting@1.6.1\Editor\VisualScripting.Core\Dependencies\YamlDotNet\Unity.VisualScripting.YamlDotNet.dll
Symbol file LoadedFromMemory doesn't match image C:\Reservation\CMD\Library\PackageCache\com.unity.visualscripting@1.6.1\Editor\VisualScripting.Core\Dependencies\DotNetZip\Unity.VisualScripting.IonicZip.dll
Native extension for WindowsStandalone target not found
Refreshing native plugins compatible for Editor in 2.68 ms, found 3 plugins.
Preloading 0 native plugins for Editor in 0.00 ms.
Mono: successfully reloaded assembly
- Completed reload, in  2.444 seconds
Domain Reload Profiling:
	ReloadAssembly (2444ms)
		BeginReloadAssembly (203ms)
			ExecutionOrderSort (0ms)
			DisableScriptedObjects (9ms)
			BackupInstance (0ms)
			ReleaseScriptingObjects (0ms)
			CreateAndSetChildDomain (71ms)
		EndReloadAssembly (2116ms)
			LoadAssemblies (155ms)
			RebuildTransferFunctionScriptingTraits (0ms)
			SetupTypeCache (548ms)
			ReleaseScriptCaches (1ms)
			RebuildScriptCaches (87ms)
			SetupLoadedEditorAssemblies (1136ms)
				LogAssemblyErrors (0ms)
				InitializePlatformSupportModulesInManaged (8ms)
				SetLoadedEditorAssemblies (1ms)
				RefreshPlugins (3ms)
				BeforeProcessingInitializeOnLoad (86ms)
				ProcessInitializeOnLoadAttributes (1015ms)
				ProcessInitializeOnLoadMethodAttributes (10ms)
				AfterProcessingInitializeOnLoad (13ms)
				EditorAssembliesLoaded (1ms)
			ExecutionOrderSort2 (0ms)
			AwakeInstancesAfterBackupRestoration (21ms)
Platform modules already initialized, skipping
Refreshing native plugins compatible for Editor in 1.00 ms, found 3 plugins.
Preloading 0 native plugins for Editor in 0.00 ms.
Unloading 3403 Unused Serialized files (Serialized files now loaded: 0)
System memory in use before: 137.5 MB.
System memory in use after: 137.7 MB.

Unloading 19 unused Assets to reduce memory usage. Loaded Objects now: 3990.
Total: 4.404000 ms (FindLiveObjects: 0.308300 ms CreateObjectMapping: 0.109400 ms MarkObjects: 3.921600 ms  DeleteObjects: 0.062800 ms)

AssetImportParameters requested are different than current active one (requested -> active):
  custom:framework-win-MediaFoundation: 216162199b28c13a410421893ffa2e32 -> 
  custom:video-decoder-ogg-theora: a1e56fd34408186e4bbccfd4996cb3dc -> 
  custom:container-muxer-webm: aa71ff27fc2769a1b78a27578f13a17b -> 
  custom:container-demuxer-webm: 4f35f7cbe854078d1ac9338744f61a02 -> 
  custom:container-demuxer-ogg: 62fdf1f143b41e24485cea50d1cbac27 -> 
  custom:video-encoder-webm-vp8: eb34c28f22e8b96e1ab97ce403110664 -> 
  custom:video-decoder-webm-vp8: 9c59270c3fd7afecdb556c50c9e8de78 -> 
  custom:audio-decoder-ogg-vorbis: bf7c407c2cedff20999df2af8eb42d56 -> 
  custom:audio-encoder-webm-vorbis: bf7c407c2cedff20999df2af8eb42d56 -> 
========================================================================
Received Import Request.
  Time since last request: 550.347374 seconds.
  path: Assets/Effects/Running Impacts/Impacts/WFXM_M_Impact Debris.mat
  artifactKey: Guid(bf3dd7130b0aa7a4e93821e6e0a15b6d) Importer(815301076,1909f56bfc062723c751e8b465ee728b)
Start importing Assets/Effects/Running Impacts/Impacts/WFXM_M_Impact Debris.mat using Guid(bf3dd7130b0aa7a4e93821e6e0a15b6d) Importer(815301076,1909f56bfc062723c751e8b465ee728b)  -> (artifact id: '205b8b7f0e5b01527485e1bd1477019a') in 0.109409 seconds 
========================================================================
Received Import Request.
  Time since last request: 4.810443 seconds.
  path: Assets/Effects/Running Impacts/Impacts/WFXM_M_Impact Smoke.mat
  artifactKey: Guid(a8c74657b1a339c44bc84bb3c6f1fdad) Importer(815301076,1909f56bfc062723c751e8b465ee728b)
Start importing Assets/Effects/Running Impacts/Impacts/WFXM_M_Impact Smoke.mat using Guid(a8c74657b1a339c44bc84bb3c6f1fdad) Importer(815301076,1909f56bfc062723c751e8b465ee728b)  -> (artifact id: '20b90bc12752e1682f295ecbf7c65c33') in 0.028064 seconds 
========================================================================
Received Import Request.
  Time since last request: 16.764043 seconds.
  path: Assets/Effects/Running Impacts/Smoke/WFXM_T_SmokeLoopAlpha.tga
  artifactKey: Guid(00102373043eef842bee9e986845e68b) Importer(815301076,1909f56bfc062723c751e8b465ee728b)
Start importing Assets/Effects/Running Impacts/Smoke/WFXM_T_SmokeLoopAlpha.tga using Guid(00102373043eef842bee9e986845e68b) Importer(815301076,1909f56bfc062723c751e8b465ee728b)  -> (artifact id: 'e256fccc6ab6f8e3e3fe26fad3326216') in 0.041154 seconds 
========================================================================
Received Import Request.
  Time since last request: 0.967059 seconds.
  path: Assets/Effects/Running Impacts/Smoke/WFXM_T_SmokeLoopAlpha Average.tga
  artifactKey: Guid(d4a2006d08ce68a41a5ca355a39d697e) Importer(815301076,1909f56bfc062723c751e8b465ee728b)
Start importing Assets/Effects/Running Impacts/Smoke/WFXM_T_SmokeLoopAlpha Average.tga using Guid(d4a2006d08ce68a41a5ca355a39d697e) Importer(815301076,1909f56bfc062723c751e8b465ee728b)  -> (artifact id: '5b91ca4e951fec7fb234d853b7b183ce') in 0.024188 seconds 
========================================================================
Received Import Request.
  Time since last request: 0.000320 seconds.
  path: Assets/Effects/Running Impacts/Smoke/WFXM_T_SmokeSpikeStretched A8.tga
  artifactKey: Guid(3d5bde7f288675e46aa301ac5bb9a959) Importer(815301076,1909f56bfc062723c751e8b465ee728b)
Start importing Assets/Effects/Running Impacts/Smoke/WFXM_T_SmokeSpikeStretched A8.tga using Guid(3d5bde7f288675e46aa301ac5bb9a959) Importer(815301076,1909f56bfc062723c751e8b465ee728b)  -> (artifact id: '71c1135154f986df3c1a4f6185781643') in 0.038477 seconds 
========================================================================
Received Import Request.
  Time since last request: 0.000284 seconds.
  path: Assets/Effects/Running Impacts/Smoke/WFXM_T_SmokeNoise.tga
  artifactKey: Guid(d9e7467f4890a244083c45417bc31ab4) Importer(815301076,1909f56bfc062723c751e8b465ee728b)
Start importing Assets/Effects/Running Impacts/Smoke/WFXM_T_SmokeNoise.tga using Guid(d9e7467f4890a244083c45417bc31ab4) Importer(815301076,1909f56bfc062723c751e8b465ee728b)  -> (artifact id: 'f874393c934e816cb8d9c6c9e626a934') in 0.027449 seconds 
========================================================================
Received Import Request.
  Time since last request: 73.555007 seconds.
  path: Assets/Effects/Running Impacts/WFXM_T_Debris Generic.tga
  artifactKey: Guid(e776eb0d9da93f44685734becef98a43) Importer(815301076,1909f56bfc062723c751e8b465ee728b)
Start importing Assets/Effects/Running Impacts/WFXM_T_Debris Generic.tga using Guid(e776eb0d9da93f44685734becef98a43) Importer(815301076,1909f56bfc062723c751e8b465ee728b)  -> (artifact id: '1d4a58b61774e4b794c97a2c87c28ae9') in 0.019321 seconds 
========================================================================
Received Prepare
Registering precompiled user dll's ...
Registered in 0.290096 seconds.
